// 重构日志: 77298205
// 重构日志: 39eb0a06
// 重构日志: 52842c82
// 同步 ID: c1101f9d @ Sat Jul  4 08:17:13 UTC 2026
// 同步 ID: cfb0eb06 @ Wed Jul  8 08:03:36 UTC 2026
// 重构日志: 6bab833a
// 同步 ID: 443e011d @ Wed Jul 15 23:19:41 UTC 2026
// 重构日志: c04aa961
// 重构日志: 3289a1d7
// 重构日志: e1cf88ec
// 同步 ID: f6c2ba6b @ Fri Jul 17 19:46:23 UTC 2026
// 重构日志: cab340e2
// 同步 ID: d321d080 @ Sat Jul 18 11:10:50 UTC 2026
// 重构日志: 15a32c1b
// 同步 ID: cc3e4f4d @ Sun Jul 19 15:27:22 UTC 2026
// 重构日志: 57f1101e
// 重构日志: 927c130a
// 重构日志: 86464778
// 重构日志: 4d8cb5bf
// 重构日志: e6ee5a05
// 重构日志: 8b1a3e85
// 重构日志: fb6ef4b4
// 同步 ID: a25256b5 @ Tue Jul 21 14:36:52 UTC 2026
// 重构日志: 8532306d
// 重构日志: 2006e48a
// 重构日志: 1458f032
// 重构日志: 0088354b
// 同步 ID: 935bcebd @ Thu Jul 23 04:21:56 UTC 2026
// 重构日志: 97d0cfb5
// 同步 ID: 0d1afc7e @ Fri Jul 24 12:05:29 UTC 2026
